<?xml version="1.0" encoding="utf-8"?><testsuites name="pytest tests"><testsuite name="pytest" errors="0" failures="1" skipped="0" tests="21" time="7.527" timestamp="2026-07-06T14:35:53.708249+00:00" hostname="agent-env-944fbb42-36eb-445b-ace5-9119cab55357"><testcase classname="tests.backend_test.TestBookings" name="test_create_booking_public" time="0.247" /><testcase classname="tests.backend_test.TestProjects" name="test_list_projects_public" time="0.243" /><testcase classname="tests.backend_test.TestProjects" name="test_list_featured_only" time="0.061" /><testcase classname="tests.backend_test.TestBookings" name="test_list_bookings_no_auth" time="0.135" /><testcase classname="tests.backend_test.TestProjects" name="test_get_project_by_id" time="0.118" /><testcase classname="tests.backend_test.TestProjects" name="test_get_project_404" time="0.232" /><testcase classname="tests.backend_test.TestBookings" name="test_list_bookings_with_auth" time="0.383" /><testcase classname="tests.backend_test.TestProjects" name="test_create_project_unauthenticated" time="0.113" /><testcase classname="tests.backend_test.TestBookings" name="test_update_booking_status" time="0.292" /><testcase classname="tests.backend_test.TestProjects" name="test_project_crud_lifecycle" time="1.173" /><testcase classname="tests.backend_test.TestBookings" name="test_cleanup_booking" time="0.108" /><testcase classname="tests.backend_test.TestChat" name="test_chat_returns_reply" time="1.755" /><testcase classname="tests.backend_test.TestAuth" name="test_login_success" time="0.278" /><testcase classname="tests.backend_test.TestAuth" name="test_login_wrong_password" time="0.279" /><testcase classname="tests.backend_test.TestAuth" name="test_me_with_token" time="0.053" /><testcase classname="tests.backend_test.TestAuth" name="test_me_without_token" time="0.154" /><testcase classname="tests.backend_test.TestUpload" name="test_upload_requires_auth" time="0.160" /><testcase classname="tests.backend_test.TestUpload" name="test_upload_and_fetch" time="0.247"><failure message="AssertionError: Internal Server Error&#10;assert 500 == 200&#10; +  where 500 = &lt;Response [500]&gt;.status_code">backend/tests/backend_test.py:199: in test_upload_and_fetch
    assert r.status_code == 200, r.text
E   AssertionError: Internal Server Error
E   assert 500 == 200
E    +  where 500 = &lt;Response [500]&gt;.status_code</failure></testcase><testcase classname="tests.backend_test.TestChat" name="test_chat_pricing_not_quoted" time="3.645" /><testcase classname="tests.backend_test.TestHealth" name="test_api_root" time="0.056" /><testcase classname="tests.backend_test.TestChat" name="test_chat_lead_capture" time="0.428" /></testsuite></testsuites>