<?xml version="1.0" encoding="utf-8"?><testsuites name="pytest tests"><testsuite name="pytest" errors="0" failures="0" skipped="0" tests="20" time="6.020" timestamp="2026-07-06T13:54:45.218362+00:00" hostname="agent-env-944fbb42-36eb-445b-ace5-9119cab55357"><testcase classname="tests.backend_test.TestBookings" name="test_create_booking_public" time="0.250" /><testcase classname="tests.backend_test.TestProjects" name="test_list_projects_public" time="0.239" /><testcase classname="tests.backend_test.TestProjects" name="test_list_featured_only" time="0.050" /><testcase classname="tests.backend_test.TestBookings" name="test_list_bookings_no_auth" time="0.096" /><testcase classname="tests.backend_test.TestProjects" name="test_get_project_by_id" time="0.332" /><testcase classname="tests.backend_test.TestBookings" name="test_list_bookings_with_auth" time="0.384" /><testcase classname="tests.backend_test.TestProjects" name="test_get_project_404" time="0.049" /><testcase classname="tests.backend_test.TestProjects" name="test_create_project_unauthenticated" time="0.106" /><testcase classname="tests.backend_test.TestBookings" name="test_update_booking_status" time="0.325" /><testcase classname="tests.backend_test.TestProjects" name="test_project_crud_lifecycle" time="1.245" /><testcase classname="tests.backend_test.TestBookings" name="test_cleanup_booking" time="0.104" /><testcase classname="tests.backend_test.TestUpload" name="test_upload_requires_auth" time="0.148" /><testcase classname="tests.backend_test.TestUpload" name="test_upload_and_fetch" time="0.707" /><testcase classname="tests.backend_test.TestChat" name="test_chat_graceful_error_or_reply" time="3.045" /><testcase classname="tests.backend_test.TestAuth" name="test_login_success" time="0.269" /><testcase classname="tests.backend_test.TestAuth" name="test_login_wrong_password" time="0.334" /><testcase classname="tests.backend_test.TestAuth" name="test_me_with_token" time="0.049" /><testcase classname="tests.backend_test.TestAuth" name="test_me_without_token" time="0.098" /><testcase classname="tests.backend_test.TestChat" name="test_chat_lead_capture" time="0.318" /><testcase classname="tests.backend_test.TestHealth" name="test_api_root" time="0.048" /></testsuite></testsuites>